<?xml version="1.0" encoding="UTF-8"?>
<!-- Generated by org.testng.reporters.JUnitReportReporter -->
<testsuite skipped="0" hostname="Pradeep" name="automation.Sample4" tests="1" failures="0" timestamp="2021-07-28T08:16:44 IST" time="0.004" errors="0">
  <testcase name="TestA" time="0.004" classname="automation.Sample4"/>
  <system-out/>
</testsuite> <!-- automation.Sample4 -->
