<?xml version="1.0" encoding="UTF-8"?>
<!-- Generated by org.testng.reporters.JUnitReportReporter -->
<testsuite skipped="0" hostname="Pradeep" name="automation.Login_Page_Pgm" tests="1" failures="0" timestamp="2021-07-28T08:53:22 IST" time="29.363" errors="0">
  <testcase name="logging" time="29.363" classname="automation.Login_Page_Pgm"/>
  <system-out/>
</testsuite> <!-- automation.Login_Page_Pgm -->
