<?xml version="1.0" encoding="UTF-8"?>
<!-- Generated by org.testng.reporters.JUnitReportReporter -->
<testsuite skipped="0" hostname="Pradeep" name="automation.Logging" tests="1" failures="0" timestamp="2021-07-29T07:42:23 IST" time="19.704" errors="0">
  <testcase name="login" time="19.704" classname="automation.Logging"/>
  <system-out/>
</testsuite> <!-- automation.Logging -->
