<?xml version="1.0" encoding="UTF-8"?>
<!-- Generated by org.testng.reporters.JUnitReportReporter -->
<testsuite skipped="0" hostname="Pradeep" name="automation.Sample5" tests="1" failures="0" timestamp="2021-07-28T08:16:44 IST" time="0.005" errors="0">
  <testcase name="TestB" time="0.005" classname="automation.Sample5"/>
  <system-out/>
</testsuite> <!-- automation.Sample5 -->
